<?xml version="1.0" encoding="UTF-8"?>
<testng-results skipped="0" failed="0" total="1" passed="1">
  <reporter-output>
  </reporter-output>
  <suite name="com.saucelabs.SampleSauceTest" duration-ms="16018" started-at="2016-11-10T12:45:08Z" finished-at="2016-11-10T12:45:24Z">
    <groups>
    </groups>
    <test name="Command line test" duration-ms="16018" started-at="2016-11-10T12:45:08Z" finished-at="2016-11-10T12:45:24Z">
      <class name="com.saucelabs.SampleSauceTest">
        <test-method status="PASS" signature="webDriver(java.lang.String, java.lang.String, java.lang.String)" name="webDriver" duration-ms="14732" started-at="2016-11-10T12:45:08Z" finished-at="2016-11-10T12:45:22Z">
          <params>
            <param index="0">
              <value>
                <![CDATA[firefox]]>
              </value>
            </param>
            <param index="1">
              <value>
                <![CDATA[49]]>
              </value>
            </param>
            <param index="2">
              <value>
                <![CDATA[Windows 10]]>
              </value>
            </param>
          </params>
        </test-method>
      </class>
    </test>
  </suite>
</testng-results>
